<?xml version="1.0" encoding="UTF-8"?>
<testng-results ignored="0" total="3" passed="3" failed="0" skipped="0">
  <reporter-output>
  </reporter-output>
  <suite started-at="2022-12-28T19:53:09 IST" name="Default suite" finished-at="2022-12-28T19:53:50 IST" duration-ms="41455">
    <groups>
    </groups>
    <test started-at="2022-12-28T19:53:09 IST" name="Default test" finished-at="2022-12-28T19:53:50 IST" duration-ms="41455">
      <class name="com.demo.selenium.testng.SeleniumTestng.AppTest">
        <test-method is-config="true" signature="launch()[pri:0, instance:com.demo.selenium.testng.SeleniumTestng.AppTest@3c7f66c4]" started-at="2022-12-28T19:53:09 IST" name="launch" finished-at="2022-12-28T19:53:45 IST" duration-ms="36304" status="PASS">
          <reporter-output>
          </reporter-output>
        </test-method> <!-- launch -->
        <test-method is-config="true" signature="setUp()[pri:0, instance:com.demo.selenium.testng.SeleniumTestng.AppTest@3c7f66c4]" started-at="2022-12-28T19:53:45 IST" name="setUp" finished-at="2022-12-28T19:53:45 IST" duration-ms="1" status="PASS">
          <reporter-output>
          </reporter-output>
        </test-method> <!-- setUp -->
        <test-method signature="testCase1()[pri:0, instance:com.demo.selenium.testng.SeleniumTestng.AppTest@3c7f66c4]" started-at="2022-12-28T19:53:45 IST" name="testCase1" finished-at="2022-12-28T19:53:46 IST" duration-ms="464" status="PASS">
          <reporter-output>
          </reporter-output>
        </test-method> <!-- testCase1 -->
        <test-method signature="testCase2()[pri:0, instance:com.demo.selenium.testng.SeleniumTestng.AppTest@3c7f66c4]" started-at="2022-12-28T19:53:46 IST" name="testCase2" finished-at="2022-12-28T19:53:46 IST" duration-ms="345" status="PASS">
          <reporter-output>
          </reporter-output>
        </test-method> <!-- testCase2 -->
        <test-method signature="testCase3()[pri:0, instance:com.demo.selenium.testng.SeleniumTestng.AppTest@3c7f66c4]" started-at="2022-12-28T19:53:46 IST" name="testCase3" finished-at="2022-12-28T19:53:50 IST" duration-ms="3549" status="PASS">
          <reporter-output>
          </reporter-output>
        </test-method> <!-- testCase3 -->
        <test-method is-config="true" signature="close()[pri:0, instance:com.demo.selenium.testng.SeleniumTestng.AppTest@3c7f66c4]" started-at="2022-12-28T19:53:50 IST" name="close" finished-at="2022-12-28T19:53:50 IST" duration-ms="647" status="PASS">
          <reporter-output>
          </reporter-output>
        </test-method> <!-- close -->
      </class> <!-- com.demo.selenium.testng.SeleniumTestng.AppTest -->
    </test> <!-- Default test -->
  </suite> <!-- Default suite -->
</testng-results>
