<?xml version="1.0" encoding="UTF-8"?>
<!-- Generated by org.testng.reporters.JUnitXMLReporter -->
<testsuite ignored="0" hostname="DESKTOP-UKPSA2L" failures="0" tests="3" name="Default test" time="41.455" errors="0" timestamp="2022-12-28T19:53:50 IST">
  <testcase classname="com.demo.selenium.testng.SeleniumTestng.AppTest" name="testCase1" time="0.464"/>
  <testcase classname="com.demo.selenium.testng.SeleniumTestng.AppTest" name="testCase2" time="0.345"/>
  <testcase classname="com.demo.selenium.testng.SeleniumTestng.AppTest" name="testCase3" time="3.549"/>
</testsuite> <!-- Default test -->
